<?xml version="1.0" encoding="UTF-8"?>
<!-- Generated by org.testng.reporters.JUnitXMLReporter -->
<testsuite ignored="0" hostname="DESKTOP-Q8RNE4M" failures="0" tests="7" name="BankmanagerFunctionalityTest" time="38.518" errors="0" timestamp="2024-08-05T02:13:13 IST">
  <testcase classname="com.testCases.BankmanagerFunctionality" name="loginAsBankManager" time="6.581"/>
  <testcase classname="com.testCases.BankmanagerFunctionality" name="TestaddCustomer" time="3.164"/>
  <testcase classname="com.testCases.BankmanagerFunctionality" name="TestaddCustomer" time="2.921"/>
  <testcase classname="com.testCases.BankmanagerFunctionality" name="TestaddCustomer" time="2.864"/>
  <testcase classname="com.testCases.BankmanagerFunctionality" name="TestaddCustomer" time="2.801"/>
  <testcase classname="com.testCases.BankmanagerFunctionality" name="openAccountTest" time="8.581"/>
  <testcase classname="com.testCases.BankmanagerFunctionality" name="ViewAccountstest" time="1.634"/>
</testsuite> <!-- BankmanagerFunctionalityTest -->
