<?xml version="1.0" encoding="UTF-8"?>
<testsuite name="TestSuite" time="20.717" tests="7" errors="0" skipped="0" failures="0">
  <properties>
[...]
</properties>
  <testcase name="loginAsBankManager" classname="com.testCases.BankmanagerFunctionality" time="7.005"/>
  <testcase name="TestaddCustomer" classname="com.testCases.BankmanagerFunctionality" time="3.398"/>
  <testcase name="TestaddCustomer" classname="com.testCases.BankmanagerFunctionality" time="3.053"/>
  <testcase name="TestaddCustomer" classname="com.testCases.BankmanagerFunctionality" time="2.999"/>
  <testcase name="TestaddCustomer" classname="com.testCases.BankmanagerFunctionality" time="2.898"/>
  <testcase name="openAccountTest" classname="com.testCases.BankmanagerFunctionality" time="8.621"/>
  <testcase name="ViewAccountstest" classname="com.testCases.BankmanagerFunctionality" time="1.693"/>
</testsuite>