<?xml version="1.0" encoding="UTF-8"?>
<testng-results ignored="0" total="7" passed="7" failed="0" skipped="0">
  <reporter-output>
    <line>
      <![CDATA[Login Successfully executed]]>
    </line>
    <line>
      <![CDATA[Login Successfully executed]]>
    </line>
    <line>
      <![CDATA[Login Successfully executed]]>
    </line>
    <line>
      <![CDATA[Login Successfully executed]]>
    </line>
    <line>
      <![CDATA[Account opening Successfully executed]]>
    </line>
  </reporter-output>
  <suite started-at="2024-08-05T02:12:35 IST" name="Data Driven Basics" finished-at="2024-08-05T02:13:13 IST" duration-ms="38518">
    <groups>
    </groups>
    <test started-at="2024-08-05T02:12:35 IST" name="BankmanagerFunctionalityTest" finished-at="2024-08-05T02:13:13 IST" duration-ms="38518">
      <class name="com.testCases.BankmanagerFunctionality">
        <test-method is-config="true" signature="setUp()[pri:0, instance:com.testCases.BankmanagerFunctionality@10e92f8f]" started-at="2024-08-05T02:12:36 IST" name="setUp" finished-at="2024-08-05T02:12:41 IST" duration-ms="5451" status="PASS">
          <reporter-output>
          </reporter-output>
        </test-method> <!-- setUp -->
        <test-method signature="loginAsBankManager()[pri:0, instance:com.testCases.BankmanagerFunctionality@10e92f8f]" started-at="2024-08-05T02:12:41 IST" name="loginAsBankManager" finished-at="2024-08-05T02:12:48 IST" duration-ms="6581" status="PASS">
          <reporter-output>
          </reporter-output>
        </test-method> <!-- loginAsBankManager -->
        <test-method signature="TestaddCustomer(java.util.Hashtable)[pri:0, instance:com.testCases.BankmanagerFunctionality@10e92f8f]" started-at="2024-08-05T02:12:48 IST" name="TestaddCustomer" data-provider="dp" finished-at="2024-08-05T02:12:52 IST" depends-on-methods="com.testCases.BankmanagerFunctionality.loginAsBankManager" duration-ms="3164" status="PASS">
          <params>
            <param index="0">
              <value>
                <![CDATA[{alerttext=Customer added successfully, postcode=A234wd, lastname=Arora, firstname=Suresh}]]>
              </value>
            </param>
          </params>
          <reporter-output>
            <line>
              <![CDATA[Login Successfully executed]]>
            </line>
          </reporter-output>
        </test-method> <!-- TestaddCustomer -->
        <test-method signature="TestaddCustomer(java.util.Hashtable)[pri:0, instance:com.testCases.BankmanagerFunctionality@10e92f8f]" started-at="2024-08-05T02:12:52 IST" name="TestaddCustomer" data-provider="dp" finished-at="2024-08-05T02:12:55 IST" depends-on-methods="com.testCases.BankmanagerFunctionality.loginAsBankManager" duration-ms="2921" status="PASS">
          <params>
            <param index="0">
              <value>
                <![CDATA[{alerttext=Customer added successfully, postcode=A545ws, lastname=Verma, firstname=Rahul }]]>
              </value>
            </param>
          </params>
          <reporter-output>
            <line>
              <![CDATA[Login Successfully executed]]>
            </line>
          </reporter-output>
        </test-method> <!-- TestaddCustomer -->
        <test-method signature="TestaddCustomer(java.util.Hashtable)[pri:0, instance:com.testCases.BankmanagerFunctionality@10e92f8f]" started-at="2024-08-05T02:12:55 IST" name="TestaddCustomer" data-provider="dp" finished-at="2024-08-05T02:12:58 IST" depends-on-methods="com.testCases.BankmanagerFunctionality.loginAsBankManager" duration-ms="2864" status="PASS">
          <params>
            <param index="0">
              <value>
                <![CDATA[{alerttext=Customer added successfully, postcode=A675ws, lastname=Singh, firstname=Ram}]]>
              </value>
            </param>
          </params>
          <reporter-output>
            <line>
              <![CDATA[Login Successfully executed]]>
            </line>
          </reporter-output>
        </test-method> <!-- TestaddCustomer -->
        <test-method signature="TestaddCustomer(java.util.Hashtable)[pri:0, instance:com.testCases.BankmanagerFunctionality@10e92f8f]" started-at="2024-08-05T02:12:58 IST" name="TestaddCustomer" data-provider="dp" finished-at="2024-08-05T02:13:01 IST" depends-on-methods="com.testCases.BankmanagerFunctionality.loginAsBankManager" duration-ms="2801" status="PASS">
          <params>
            <param index="0">
              <value>
                <![CDATA[{alerttext=Customer added successfully, postcode=A564gf, lastname=kumar, firstname=Jay}]]>
              </value>
            </param>
          </params>
          <reporter-output>
            <line>
              <![CDATA[Login Successfully executed]]>
            </line>
          </reporter-output>
        </test-method> <!-- TestaddCustomer -->
        <test-method signature="openAccountTest(java.util.Hashtable)[pri:0, instance:com.testCases.BankmanagerFunctionality@10e92f8f]" started-at="2024-08-05T02:13:01 IST" name="openAccountTest" data-provider="dp" finished-at="2024-08-05T02:13:09 IST" depends-on-methods="com.testCases.BankmanagerFunctionality.TestaddCustomer" duration-ms="8581" status="PASS">
          <params>
            <param index="0">
              <value>
                <![CDATA[{Currency=Rupee, Customer=Suresh Arora}]]>
              </value>
            </param>
          </params>
          <reporter-output>
            <line>
              <![CDATA[Account opening Successfully executed]]>
            </line>
          </reporter-output>
        </test-method> <!-- openAccountTest -->
        <test-method signature="ViewAccountstest()[pri:0, instance:com.testCases.BankmanagerFunctionality@10e92f8f]" started-at="2024-08-05T02:13:09 IST" name="ViewAccountstest" finished-at="2024-08-05T02:13:11 IST" depends-on-methods="com.testCases.BankmanagerFunctionality.openAccountTest" duration-ms="1634" status="PASS">
          <reporter-output>
          </reporter-output>
        </test-method> <!-- ViewAccountstest -->
        <test-method is-config="true" signature="quitTest()[pri:0, instance:com.testCases.BankmanagerFunctionality@10e92f8f]" started-at="2024-08-05T02:13:11 IST" name="quitTest" finished-at="2024-08-05T02:13:13 IST" duration-ms="2131" status="PASS">
          <reporter-output>
          </reporter-output>
        </test-method> <!-- quitTest -->
      </class> <!-- com.testCases.BankmanagerFunctionality -->
    </test> <!-- BankmanagerFunctionalityTest -->
  </suite> <!-- Data Driven Basics -->
</testng-results>
